<?xml version="1.0" encoding="UTF-8"?>
<!-- Generated by org.testng.reporters.JUnitReportReporter -->
<testsuite skipped="0" hostname="DESKTOP-PJAPB9H" name="com.training.sanity.tests.LoginTests" tests="1" failures="0" timestamp="11 May 2020 03:17:27 GMT" time="33.752" errors="0">
  <testcase name="validLoginTest" time="33.752" classname="com.training.sanity.tests.LoginTests"/>
</testsuite> <!-- com.training.sanity.tests.LoginTests -->
